<?xml version="1.0" encoding="UTF-8"?>
<testng-results ignored="0" total="1" passed="1" failed="0" skipped="0">
  <reporter-output>
  </reporter-output>
  <suite started-at="2025-10-21T06:28:34 BST" name="Suite" finished-at="2025-10-21T06:28:42 BST" duration-ms="8433">
    <groups>
    </groups>
    <test started-at="2025-10-21T06:28:34 BST" name="Test" finished-at="2025-10-21T06:28:42 BST" duration-ms="8433">
      <class name="demoproject.LoginPageTest">
        <test-method is-config="true" signature="browserInitialising()[pri:0, instance:demoproject.LoginPageTest@1aafa419]" started-at="2025-10-21T06:28:34 BST" name="browserInitialising" finished-at="2025-10-21T06:28:41 BST" duration-ms="7351" status="PASS">
          <reporter-output>
          </reporter-output>
        </test-method> <!-- browserInitialising -->
        <test-method signature="verifyValidCredentials(java.lang.String,java.lang.String)[pri:0, instance:demoproject.LoginPageTest@1aafa419]" started-at="2025-10-21T06:28:41 BST" name="verifyValidCredentials" finished-at="2025-10-21T06:28:42 BST" duration-ms="990" status="PASS">
          <params>
            <param index="0">
              <value>
                <![CDATA[carol]]>
              </value>
            </param>
            <param index="1">
              <value>
                <![CDATA[1q2w3e4r]]>
              </value>
            </param>
          </params>
          <reporter-output>
          </reporter-output>
        </test-method> <!-- verifyValidCredentials -->
        <test-method is-config="true" signature="Quit()[pri:0, instance:demoproject.LoginPageTest@1aafa419]" started-at="2025-10-21T06:28:42 BST" name="Quit" finished-at="2025-10-21T06:28:42 BST" duration-ms="0" status="PASS">
          <reporter-output>
          </reporter-output>
        </test-method> <!-- Quit -->
      </class> <!-- demoproject.LoginPageTest -->
    </test> <!-- Test -->
  </suite> <!-- Suite -->
</testng-results>
