<?xml version="1.0" encoding="UTF-8"?>
<testng-results ignored="0" total="1" passed="1" failed="0" skipped="0">
  <reporter-output>
  </reporter-output>
  <suite started-at="2025-10-17T08:54:54 BST" name="Default suite" finished-at="2025-10-17T08:54:54 BST" duration-ms="126">
    <groups>
    </groups>
    <test started-at="2025-10-17T08:54:54 BST" name="Default test" finished-at="2025-10-17T08:54:54 BST" duration-ms="126">
      <class name="sampletest.Annotation">
        <test-method is-config="true" signature="beforeClass()[pri:0, instance:sampletest.Annotation@397fbdb]" started-at="2025-10-17T08:54:54 BST" name="beforeClass" finished-at="2025-10-17T08:54:54 BST" duration-ms="20" status="PASS">
          <reporter-output>
          </reporter-output>
        </test-method> <!-- beforeClass -->
        <test-method is-config="true" signature="beforeMethod()[pri:0, instance:sampletest.Annotation@397fbdb]" started-at="2025-10-17T08:54:54 BST" name="beforeMethod" finished-at="2025-10-17T08:54:54 BST" duration-ms="1" status="PASS">
          <reporter-output>
          </reporter-output>
        </test-method> <!-- beforeMethod -->
        <test-method signature="method()[pri:0, instance:sampletest.Annotation@397fbdb]" started-at="2025-10-17T08:54:54 BST" name="method" finished-at="2025-10-17T08:54:54 BST" duration-ms="12" status="PASS">
          <reporter-output>
          </reporter-output>
        </test-method> <!-- method -->
        <test-method is-config="true" signature="afterMethod()[pri:0, instance:sampletest.Annotation@397fbdb]" started-at="2025-10-17T08:54:54 BST" name="afterMethod" finished-at="2025-10-17T08:54:54 BST" duration-ms="4" status="PASS">
          <reporter-output>
          </reporter-output>
        </test-method> <!-- afterMethod -->
        <test-method is-config="true" signature="afterClass()[pri:0, instance:sampletest.Annotation@397fbdb]" started-at="2025-10-17T08:54:54 BST" name="afterClass" finished-at="2025-10-17T08:54:54 BST" duration-ms="1" status="PASS">
          <reporter-output>
          </reporter-output>
        </test-method> <!-- afterClass -->
      </class> <!-- sampletest.Annotation -->
    </test> <!-- Default test -->
  </suite> <!-- Default suite -->
</testng-results>
