<?xml version="1.0" encoding="UTF-8"?>
<!-- Generated by org.testng.reporters.JUnitXMLReporter -->
<testsuite ignored="3" hostname="DESKTOP-0SGD7C0" failures="0" tests="1" name="Test" time="8.433" errors="0" timestamp="2025-10-21T06:28:42 BST">
  <testcase classname="demoproject.LoginPageTest" name="verifyValidCredentials" time="0.99"/>
  <testcase classname="demoproject.LoginPageTest" name="verifycredentialsWithCorrectUsername" time="0.0">
    <ignored/>
  </testcase> <!-- verifycredentialsWithCorrectUsername -->
  <testcase classname="demoproject.LoginPageTest" name="verifycredentialsWithCorrectPassword" time="0.0">
    <ignored/>
  </testcase> <!-- verifycredentialsWithCorrectPassword -->
  <testcase classname="demoproject.LoginPageTest" name="verifyInValidCredentials" time="0.0">
    <ignored/>
  </testcase> <!-- verifyInValidCredentials -->
</testsuite> <!-- Test -->
