<?xml version="1.0" encoding="UTF-8"?>
<!-- Generated by org.testng.reporters.JUnitXMLReporter -->
<testsuite ignored="3" hostname="DESKTOP-0SGD7C0" failures="0" tests="2" name="Default test" time="15.735" errors="0" timestamp="2025-10-21T05:57:22 BST">
  <testcase classname="demoproject.LoginPageTest" name="verifycredentialsWithCorrectUsername" time="0.641"/>
  <testcase classname="demoproject.LoginPageTest" name="verifycredentialsWithCorrectUsername" time="0.605"/>
  <testcase classname="demoproject.LoginPageTest" name="verifyInValidCredentials" time="0.0">
    <ignored/>
  </testcase> <!-- verifyInValidCredentials -->
  <testcase classname="demoproject.LoginPageTest" name="verifycredentialsWithCorrectPassword" time="0.0">
    <ignored/>
  </testcase> <!-- verifycredentialsWithCorrectPassword -->
  <testcase classname="demoproject.LoginPageTest" name="verifyValidCredentials" time="0.0">
    <ignored/>
  </testcase> <!-- verifyValidCredentials -->
</testsuite> <!-- Default test -->
